2023-12-01 08:33:22,330 INFO com.adp.S2B3T4_expense_system.S2B3T4ExpenseSystemApplication [restartedMain] Starting S2B3T4ExpenseSystemApplication using Java 17.0.4.1 with PID 6840 (C:\Users\johnsa04\OneDrive - Automatic Data Processing Inc\Desktop\expense_project_new\S2B3T4_expense_system_new\target\classes started by johnsa04 in C:\Users\johnsa04\OneDrive - Automatic Data Processing Inc\Desktop\expense_project_new\S2B3T4_expense_system_new)
2023-12-01 08:33:22,358 DEBUG com.adp.S2B3T4_expense_system.S2B3T4ExpenseSystemApplication [restartedMain] Running with Spring Boot v3.1.5, Spring v6.0.13
2023-12-01 08:33:22,362 INFO com.adp.S2B3T4_expense_system.S2B3T4ExpenseSystemApplication [restartedMain] No active profile set, falling back to 1 default profile: "default"
2023-12-01 08:33:22,532 INFO org.springframework.boot.devtools.restart.ChangeableUrls [restartedMain] The Class-Path manifest attribute in C:\Users\johnsa04\.m2\repository\com\oracle\database\jdbc\ojdbc8\21.9.0.0\ojdbc8-21.9.0.0.jar referenced one or more files that do not exist: file:/C:/Users/johnsa04/.m2/repository/com/oracle/database/jdbc/ojdbc8/21.9.0.0/oraclepki.jar
2023-12-01 08:33:22,532 INFO org.springframework.boot.devtools.env.DevToolsPropertyDefaultsPostProcessor [restartedMain] Devtools property defaults active! Set 'spring.devtools.add-properties' to 'false' to disable
2023-12-01 08:33:22,532 INFO org.springframework.boot.devtools.env.DevToolsPropertyDefaultsPostProcessor [restartedMain] For additional web related logging consider setting the 'logging.level.web' property to 'DEBUG'
2023-12-01 08:33:24,847 INFO org.springframework.data.repository.config.RepositoryConfigurationDelegate [restartedMain] Bootstrapping Spring Data JPA repositories in DEFAULT mode.
2023-12-01 08:33:25,104 INFO org.springframework.data.repository.config.RepositoryConfigurationDelegate [restartedMain] Finished Spring Data repository scanning in 227 ms. Found 3 JPA repository interfaces.
2023-12-01 08:33:27,608 INFO org.springframework.boot.web.embedded.tomcat.TomcatWebServer [restartedMain] Tomcat initialized with port(s): 8082 (http)
2023-12-01 08:33:27,635 INFO org.apache.coyote.http11.Http11NioProtocol [restartedMain] Initializing ProtocolHandler ["http-nio-8082"]
2023-12-01 08:33:27,642 INFO org.apache.catalina.core.StandardService [restartedMain] Starting service [Tomcat]
2023-12-01 08:33:27,642 INFO org.apache.catalina.core.StandardEngine [restartedMain] Starting Servlet engine: [Apache Tomcat/10.1.15]
2023-12-01 08:33:27,947 INFO org.apache.catalina.core.ContainerBase.[Tomcat].[localhost].[/] [restartedMain] Initializing Spring embedded WebApplicationContext
2023-12-01 08:33:27,948 INFO org.springframework.boot.web.servlet.context.ServletWebServerApplicationContext [restartedMain] Root WebApplicationContext: initialization completed in 5415 ms
2023-12-01 08:33:28,204 INFO com.zaxxer.hikari.HikariDataSource [restartedMain] HikariPool-1 - Starting...
2023-12-01 08:33:28,222 WARN com.zaxxer.hikari.util.DriverDataSource [restartedMain] Registered driver with driverClassName=oracle.jdbc.driver.OracleDriver was not found, trying direct instantiation.
2023-12-01 08:33:29,335 INFO com.zaxxer.hikari.pool.HikariPool [restartedMain] HikariPool-1 - Added connection oracle.jdbc.driver.T4CConnection@29e0e9d7
2023-12-01 08:33:29,342 INFO com.zaxxer.hikari.HikariDataSource [restartedMain] HikariPool-1 - Start completed.
2023-12-01 08:33:29,368 INFO org.springframework.boot.autoconfigure.h2.H2ConsoleAutoConfiguration [restartedMain] H2 console available at '/h2-console'. Database available at 'jdbc:oracle:thin:@ap-south-1-training-adpdevclass-oradbinstance.cvawnayo3dje.ap-south-1.rds.amazonaws.com:1521:ORCL'
2023-12-01 08:33:29,993 INFO org.hibernate.jpa.internal.util.LogHelper [restartedMain] HHH000204: Processing PersistenceUnitInfo [name: default]
2023-12-01 08:33:30,254 INFO org.hibernate.Version [restartedMain] HHH000412: Hibernate ORM core version 6.2.13.Final
2023-12-01 08:33:30,265 INFO org.hibernate.cfg.Environment [restartedMain] HHH000406: Using bytecode reflection optimizer
2023-12-01 08:33:31,275 INFO org.springframework.orm.jpa.persistenceunit.SpringPersistenceUnitInfo [restartedMain] No LoadTimeWeaver setup: ignoring JPA class transformer
2023-12-01 08:33:34,711 INFO org.hibernate.engine.transaction.jta.platform.internal.JtaPlatformInitiator [restartedMain] HHH000489: No JTA platform available (set 'hibernate.transaction.jta.platform' to enable JTA platform integration)
2023-12-01 08:33:39,788 WARN com.zaxxer.hikari.pool.PoolBase [restartedMain] HikariPool-1 - Failed to validate connection oracle.jdbc.driver.T4CConnection@29e0e9d7 (IO Error: Invalid Operation, NOT Connected). Possibly consider using a shorter maxLifetime value.
2023-12-01 08:33:44,791 WARN com.zaxxer.hikari.pool.PoolBase [restartedMain] HikariPool-1 - Failed to validate connection oracle.jdbc.driver.T4CConnection@181542c7 (IO Error: Invalid Operation, NOT Connected). Possibly consider using a shorter maxLifetime value.
2023-12-01 08:34:08,577 INFO org.springframework.orm.jpa.LocalContainerEntityManagerFactoryBean [restartedMain] Initialized JPA EntityManagerFactory for persistence unit 'default'
2023-12-01 08:34:09,827 INFO org.springframework.data.jpa.repository.query.QueryEnhancerFactory [restartedMain] Hibernate is in classpath; If applicable, HQL parser will be used.
2023-12-01 08:34:11,052 WARN org.springframework.boot.autoconfigure.orm.jpa.JpaBaseConfiguration$JpaWebConfiguration [restartedMain] spring.jpa.open-in-view is enabled by default. Therefore, database queries may be performed during view rendering. Explicitly configure spring.jpa.open-in-view to disable this warning
2023-12-01 08:34:14,504 INFO org.springframework.boot.devtools.autoconfigure.OptionalLiveReloadServer [restartedMain] LiveReload server is running on port 35729
2023-12-01 08:34:14,562 INFO org.apache.coyote.http11.Http11NioProtocol [restartedMain] Starting ProtocolHandler ["http-nio-8082"]
2023-12-01 08:34:14,571 WARN org.springframework.boot.web.servlet.context.AnnotationConfigServletWebServerApplicationContext [restartedMain] Exception encountered during context initialization - cancelling refresh attempt: org.springframework.context.ApplicationContextException: Failed to start bean 'webServerStartStop'
2023-12-01 08:34:14,576 INFO org.springframework.orm.jpa.LocalContainerEntityManagerFactoryBean [restartedMain] Closing JPA EntityManagerFactory for persistence unit 'default'
2023-12-01 08:34:14,584 INFO com.zaxxer.hikari.HikariDataSource [restartedMain] HikariPool-1 - Shutdown initiated...
2023-12-01 08:34:14,838 INFO com.zaxxer.hikari.HikariDataSource [restartedMain] HikariPool-1 - Shutdown completed.
2023-12-01 08:34:14,844 INFO org.apache.coyote.http11.Http11NioProtocol [restartedMain] Pausing ProtocolHandler ["http-nio-8082"]
2023-12-01 08:34:14,845 INFO org.apache.catalina.core.StandardService [restartedMain] Stopping service [Tomcat]
2023-12-01 08:34:14,866 INFO org.apache.coyote.http11.Http11NioProtocol [restartedMain] Stopping ProtocolHandler ["http-nio-8082"]
2023-12-01 08:34:14,867 INFO org.apache.coyote.http11.Http11NioProtocol [restartedMain] Destroying ProtocolHandler ["http-nio-8082"]
2023-12-01 08:34:14,895 INFO org.springframework.boot.autoconfigure.logging.ConditionEvaluationReportLogger [restartedMain] 

Error starting ApplicationContext. To display the condition evaluation report re-run your application with 'debug' enabled.
2023-12-01 08:34:14,961 ERROR org.springframework.boot.diagnostics.LoggingFailureAnalysisReporter [restartedMain] 

***************************
APPLICATION FAILED TO START
***************************

Description:

Web server failed to start. Port 8082 was already in use.

Action:

Identify and stop the process that's listening on port 8082 or configure this application to listen on another port.

2023-12-01 08:36:06,961 INFO org.springframework.test.context.support.AnnotationConfigContextLoaderUtils [main] Could not detect default configuration classes for test class [com.adp.S2B3T4_expense_system.dao.ExpenseDaoTest]: ExpenseDaoTest does not declare any static, non-private, non-final, nested classes annotated with @Configuration.
2023-12-01 08:36:07,757 INFO org.springframework.boot.test.context.SpringBootTestContextBootstrapper [main] Found @SpringBootConfiguration com.adp.S2B3T4_expense_system.S2B3T4ExpenseSystemApplication for test class com.adp.S2B3T4_expense_system.dao.ExpenseDaoTest
2023-12-01 08:36:14,292 INFO org.springframework.boot.devtools.restart.RestartApplicationListener [main] Restart disabled due to context in which it is running
2023-12-01 08:36:16,343 INFO com.adp.S2B3T4_expense_system.dao.ExpenseDaoTest [main] Starting ExpenseDaoTest using Java 17.0.4.1 with PID 13756 (started by johnsa04 in C:\Users\johnsa04\OneDrive - Automatic Data Processing Inc\Desktop\expense_project_new\S2B3T4_expense_system_new)
2023-12-01 08:36:16,345 DEBUG com.adp.S2B3T4_expense_system.dao.ExpenseDaoTest [main] Running with Spring Boot v3.1.5, Spring v6.0.13
2023-12-01 08:36:16,347 INFO com.adp.S2B3T4_expense_system.dao.ExpenseDaoTest [main] No active profile set, falling back to 1 default profile: "default"
2023-12-01 08:36:18,395 INFO org.springframework.data.repository.config.RepositoryConfigurationDelegate [main] Bootstrapping Spring Data JPA repositories in DEFAULT mode.
2023-12-01 08:36:18,790 INFO org.springframework.data.repository.config.RepositoryConfigurationDelegate [main] Finished Spring Data repository scanning in 333 ms. Found 3 JPA repository interfaces.
2023-12-01 08:36:19,033 INFO org.springframework.boot.test.autoconfigure.jdbc.TestDatabaseAutoConfiguration$EmbeddedDataSourceBeanFactoryPostProcessor [main] Replacing 'dataSource' DataSource bean with embedded version
2023-12-01 08:36:20,119 INFO org.springframework.jdbc.datasource.embedded.EmbeddedDatabaseFactory [main] Starting embedded database: url='jdbc:h2:mem:6b94ff89-fbca-422d-a417-1c388cb550a3;DB_CLOSE_DELAY=-1;DB_CLOSE_ON_EXIT=false', username='sa'
2023-12-01 08:36:22,368 INFO org.hibernate.jpa.internal.util.LogHelper [main] HHH000204: Processing PersistenceUnitInfo [name: default]
2023-12-01 08:36:22,812 INFO org.hibernate.Version [main] HHH000412: Hibernate ORM core version 6.2.13.Final
2023-12-01 08:36:22,828 INFO org.hibernate.cfg.Environment [main] HHH000406: Using bytecode reflection optimizer
2023-12-01 08:36:23,685 INFO org.springframework.orm.jpa.persistenceunit.SpringPersistenceUnitInfo [main] No LoadTimeWeaver setup: ignoring JPA class transformer
2023-12-01 08:36:27,502 INFO org.hibernate.engine.transaction.jta.platform.internal.JtaPlatformInitiator [main] HHH000489: No JTA platform available (set 'hibernate.transaction.jta.platform' to enable JTA platform integration)
2023-12-01 08:36:27,813 INFO org.springframework.orm.jpa.LocalContainerEntityManagerFactoryBean [main] Initialized JPA EntityManagerFactory for persistence unit 'default'
2023-12-01 08:36:29,805 INFO org.springframework.data.jpa.repository.query.QueryEnhancerFactory [main] Hibernate is in classpath; If applicable, HQL parser will be used.
2023-12-01 08:36:30,131 INFO com.adp.S2B3T4_expense_system.dao.ExpenseDaoTest [main] Started ExpenseDaoTest in 15.858 seconds (process running for 29.368)
2023-12-01 08:36:31,125 INFO org.springframework.test.context.support.AnnotationConfigContextLoaderUtils [main] Could not detect default configuration classes for test class [com.adp.S2B3T4_expense_system.S2B3T4ExpenseSystemApplicationTests]: S2B3T4ExpenseSystemApplicationTests does not declare any static, non-private, non-final, nested classes annotated with @Configuration.
2023-12-01 08:36:31,177 INFO org.springframework.boot.test.context.SpringBootTestContextBootstrapper [main] Found @SpringBootConfiguration com.adp.S2B3T4_expense_system.S2B3T4ExpenseSystemApplication for test class com.adp.S2B3T4_expense_system.S2B3T4ExpenseSystemApplicationTests
2023-12-01 08:36:31,241 INFO org.springframework.boot.devtools.restart.RestartApplicationListener [main] Restart disabled due to context in which it is running
2023-12-01 08:36:31,397 INFO com.adp.S2B3T4_expense_system.S2B3T4ExpenseSystemApplicationTests [main] Starting S2B3T4ExpenseSystemApplicationTests using Java 17.0.4.1 with PID 13756 (started by johnsa04 in C:\Users\johnsa04\OneDrive - Automatic Data Processing Inc\Desktop\expense_project_new\S2B3T4_expense_system_new)
2023-12-01 08:36:31,398 DEBUG com.adp.S2B3T4_expense_system.S2B3T4ExpenseSystemApplicationTests [main] Running with Spring Boot v3.1.5, Spring v6.0.13
2023-12-01 08:36:31,398 INFO com.adp.S2B3T4_expense_system.S2B3T4ExpenseSystemApplicationTests [main] No active profile set, falling back to 1 default profile: "default"
2023-12-01 08:36:33,259 INFO org.springframework.data.repository.config.RepositoryConfigurationDelegate [main] Bootstrapping Spring Data JPA repositories in DEFAULT mode.
2023-12-01 08:36:33,382 INFO org.springframework.data.repository.config.RepositoryConfigurationDelegate [main] Finished Spring Data repository scanning in 122 ms. Found 3 JPA repository interfaces.
2023-12-01 08:36:35,029 INFO org.hibernate.jpa.internal.util.LogHelper [main] HHH000204: Processing PersistenceUnitInfo [name: default]
2023-12-01 08:36:35,071 INFO org.springframework.orm.jpa.persistenceunit.SpringPersistenceUnitInfo [main] No LoadTimeWeaver setup: ignoring JPA class transformer
2023-12-01 08:36:35,080 INFO com.zaxxer.hikari.HikariDataSource [main] HikariPool-1 - Starting...
2023-12-01 08:36:35,099 WARN com.zaxxer.hikari.util.DriverDataSource [main] Registered driver with driverClassName=oracle.jdbc.driver.OracleDriver was not found, trying direct instantiation.
2023-12-01 08:36:36,345 INFO com.zaxxer.hikari.pool.HikariPool [main] HikariPool-1 - Added connection oracle.jdbc.driver.T4CConnection@24c8fc5c
2023-12-01 08:36:36,354 INFO com.zaxxer.hikari.HikariDataSource [main] HikariPool-1 - Start completed.
2023-12-01 08:36:37,377 INFO org.hibernate.engine.transaction.jta.platform.internal.JtaPlatformInitiator [main] HHH000489: No JTA platform available (set 'hibernate.transaction.jta.platform' to enable JTA platform integration)
2023-12-01 08:36:54,251 INFO org.springframework.orm.jpa.LocalContainerEntityManagerFactoryBean [main] Initialized JPA EntityManagerFactory for persistence unit 'default'
2023-12-01 08:36:56,598 WARN org.springframework.boot.autoconfigure.orm.jpa.JpaBaseConfiguration$JpaWebConfiguration [main] spring.jpa.open-in-view is enabled by default. Therefore, database queries may be performed during view rendering. Explicitly configure spring.jpa.open-in-view to disable this warning
2023-12-01 08:37:01,340 INFO com.adp.S2B3T4_expense_system.S2B3T4ExpenseSystemApplicationTests [main] Started S2B3T4ExpenseSystemApplicationTests in 29.981 seconds (process running for 60.455)
2023-12-01 08:37:01,475 INFO org.springframework.test.context.support.AnnotationConfigContextLoaderUtils [main] Could not detect default configuration classes for test class [com.adp.S2B3T4_expense_system.dto.EmployeeDtoTest]: EmployeeDtoTest does not declare any static, non-private, non-final, nested classes annotated with @Configuration.
2023-12-01 08:37:01,548 INFO org.springframework.boot.test.context.SpringBootTestContextBootstrapper [main] Found @SpringBootConfiguration com.adp.S2B3T4_expense_system.S2B3T4ExpenseSystemApplication for test class com.adp.S2B3T4_expense_system.dto.EmployeeDtoTest
2023-12-01 08:37:01,684 INFO org.springframework.test.context.support.AnnotationConfigContextLoaderUtils [main] Could not detect default configuration classes for test class [com.adp.S2B3T4_expense_system.dto.ExpenseDtoTest]: ExpenseDtoTest does not declare any static, non-private, non-final, nested classes annotated with @Configuration.
2023-12-01 08:37:01,688 INFO org.springframework.boot.test.context.SpringBootTestContextBootstrapper [main] Found @SpringBootConfiguration com.adp.S2B3T4_expense_system.S2B3T4ExpenseSystemApplication for test class com.adp.S2B3T4_expense_system.dto.ExpenseDtoTest
2023-12-01 08:37:02,615 INFO org.springframework.test.context.support.AnnotationConfigContextLoaderUtils [main] Could not detect default configuration classes for test class [com.adp.S2B3T4_expense_system.entity.ExpenseTest]: ExpenseTest does not declare any static, non-private, non-final, nested classes annotated with @Configuration.
2023-12-01 08:37:02,731 INFO org.springframework.boot.test.context.SpringBootTestContextBootstrapper [main] Found @SpringBootConfiguration com.adp.S2B3T4_expense_system.S2B3T4ExpenseSystemApplication for test class com.adp.S2B3T4_expense_system.entity.ExpenseTest
2023-12-01 08:37:02,802 INFO org.springframework.test.context.support.AnnotationConfigContextLoaderUtils [main] Could not detect default configuration classes for test class [com.adp.S2B3T4_expense_system.controller.ManagerControllerTest]: ManagerControllerTest does not declare any static, non-private, non-final, nested classes annotated with @Configuration.
2023-12-01 08:37:02,903 INFO org.springframework.boot.test.context.SpringBootTestContextBootstrapper [main] Found @SpringBootConfiguration com.adp.S2B3T4_expense_system.S2B3T4ExpenseSystemApplication for test class com.adp.S2B3T4_expense_system.controller.ManagerControllerTest
2023-12-01 08:37:02,924 INFO org.springframework.boot.devtools.restart.RestartApplicationListener [main] Restart disabled due to context in which it is running
2023-12-01 08:37:03,086 INFO com.adp.S2B3T4_expense_system.controller.ManagerControllerTest [main] Starting ManagerControllerTest using Java 17.0.4.1 with PID 13756 (started by johnsa04 in C:\Users\johnsa04\OneDrive - Automatic Data Processing Inc\Desktop\expense_project_new\S2B3T4_expense_system_new)
2023-12-01 08:37:03,087 DEBUG com.adp.S2B3T4_expense_system.controller.ManagerControllerTest [main] Running with Spring Boot v3.1.5, Spring v6.0.13
2023-12-01 08:37:03,088 INFO com.adp.S2B3T4_expense_system.controller.ManagerControllerTest [main] No active profile set, falling back to 1 default profile: "default"
2023-12-01 08:37:04,328 INFO org.springframework.data.repository.config.RepositoryConfigurationDelegate [main] Bootstrapping Spring Data JPA repositories in DEFAULT mode.
2023-12-01 08:37:04,431 INFO org.springframework.data.repository.config.RepositoryConfigurationDelegate [main] Finished Spring Data repository scanning in 101 ms. Found 3 JPA repository interfaces.
2023-12-01 08:37:04,909 INFO org.hibernate.jpa.internal.util.LogHelper [main] HHH000204: Processing PersistenceUnitInfo [name: default]
2023-12-01 08:37:04,967 INFO org.springframework.orm.jpa.persistenceunit.SpringPersistenceUnitInfo [main] No LoadTimeWeaver setup: ignoring JPA class transformer
2023-12-01 08:37:04,975 INFO com.zaxxer.hikari.HikariDataSource [main] HikariPool-2 - Starting...
2023-12-01 08:37:04,976 WARN com.zaxxer.hikari.util.DriverDataSource [main] Registered driver with driverClassName=oracle.jdbc.driver.OracleDriver was not found, trying direct instantiation.
2023-12-01 08:37:05,289 INFO com.zaxxer.hikari.pool.HikariPool [main] HikariPool-2 - Added connection oracle.jdbc.driver.T4CConnection@4b0421eb
2023-12-01 08:37:05,290 INFO com.zaxxer.hikari.HikariDataSource [main] HikariPool-2 - Start completed.
2023-12-01 08:37:05,684 INFO org.hibernate.engine.transaction.jta.platform.internal.JtaPlatformInitiator [main] HHH000489: No JTA platform available (set 'hibernate.transaction.jta.platform' to enable JTA platform integration)
2023-12-01 08:37:20,454 INFO org.springframework.orm.jpa.LocalContainerEntityManagerFactoryBean [main] Initialized JPA EntityManagerFactory for persistence unit 'default'
2023-12-01 08:37:21,613 WARN org.springframework.boot.autoconfigure.orm.jpa.JpaBaseConfiguration$JpaWebConfiguration [main] spring.jpa.open-in-view is enabled by default. Therefore, database queries may be performed during view rendering. Explicitly configure spring.jpa.open-in-view to disable this warning
2023-12-01 08:37:24,885 INFO org.springframework.boot.test.mock.web.SpringBootMockServletContext [main] Initializing Spring TestDispatcherServlet ''
2023-12-01 08:37:24,886 INFO org.springframework.test.web.servlet.TestDispatcherServlet [main] Initializing Servlet ''
2023-12-01 08:37:24,889 INFO org.springframework.test.web.servlet.TestDispatcherServlet [main] Completed initialization in 2 ms
2023-12-01 08:37:24,925 INFO com.adp.S2B3T4_expense_system.controller.ManagerControllerTest [main] Started ManagerControllerTest in 21.917 seconds (process running for 83.949)
2023-12-01 08:37:27,135 INFO org.springframework.test.context.support.AnnotationConfigContextLoaderUtils [main] Could not detect default configuration classes for test class [com.adp.S2B3T4_expense_system.controller.EmployeeControllerTest]: EmployeeControllerTest does not declare any static, non-private, non-final, nested classes annotated with @Configuration.
2023-12-01 08:37:27,169 INFO org.springframework.boot.test.context.SpringBootTestContextBootstrapper [main] Found @SpringBootConfiguration com.adp.S2B3T4_expense_system.S2B3T4ExpenseSystemApplication for test class com.adp.S2B3T4_expense_system.controller.EmployeeControllerTest
2023-12-01 08:37:27,177 INFO org.springframework.boot.devtools.restart.RestartApplicationListener [main] Restart disabled due to context in which it is running
2023-12-01 08:37:27,268 INFO com.adp.S2B3T4_expense_system.controller.EmployeeControllerTest [main] Starting EmployeeControllerTest using Java 17.0.4.1 with PID 13756 (started by johnsa04 in C:\Users\johnsa04\OneDrive - Automatic Data Processing Inc\Desktop\expense_project_new\S2B3T4_expense_system_new)
2023-12-01 08:37:27,268 DEBUG com.adp.S2B3T4_expense_system.controller.EmployeeControllerTest [main] Running with Spring Boot v3.1.5, Spring v6.0.13
2023-12-01 08:37:27,269 INFO com.adp.S2B3T4_expense_system.controller.EmployeeControllerTest [main] No active profile set, falling back to 1 default profile: "default"
2023-12-01 08:37:28,831 INFO org.springframework.boot.test.mock.web.SpringBootMockServletContext [main] Initializing Spring TestDispatcherServlet ''
2023-12-01 08:37:28,832 INFO org.springframework.test.web.servlet.TestDispatcherServlet [main] Initializing Servlet ''
2023-12-01 08:37:28,834 INFO org.springframework.test.web.servlet.TestDispatcherServlet [main] Completed initialization in 2 ms
2023-12-01 08:37:28,842 INFO com.adp.S2B3T4_expense_system.controller.EmployeeControllerTest [main] Started EmployeeControllerTest in 1.659 seconds (process running for 87.851)
2023-12-01 08:37:28,868 INFO com.adp.S2B3T4_expense_system.S2B3T4ExpenseSystemApplication [main] EMPLOYEE SUCCESSFULLY LOGGED IN
2023-12-01 08:37:29,112 INFO com.adp.S2B3T4_expense_system.S2B3T4ExpenseSystemApplication [main] EXPENSE SHOWN SUCCESSFULLY
2023-12-01 08:37:36,577 INFO org.springframework.orm.jpa.LocalContainerEntityManagerFactoryBean [SpringApplicationShutdownHook] Closing JPA EntityManagerFactory for persistence unit 'default'
2023-12-01 08:37:36,591 INFO org.springframework.orm.jpa.LocalContainerEntityManagerFactoryBean [SpringApplicationShutdownHook] Closing JPA EntityManagerFactory for persistence unit 'default'
2023-12-01 08:37:36,593 INFO com.zaxxer.hikari.HikariDataSource [SpringApplicationShutdownHook] HikariPool-1 - Shutdown initiated...
2023-12-01 08:37:37,146 INFO com.zaxxer.hikari.HikariDataSource [SpringApplicationShutdownHook] HikariPool-1 - Shutdown completed.
2023-12-01 08:37:37,151 INFO org.springframework.orm.jpa.LocalContainerEntityManagerFactoryBean [SpringApplicationShutdownHook] Closing JPA EntityManagerFactory for persistence unit 'default'
2023-12-01 08:37:37,154 INFO com.zaxxer.hikari.HikariDataSource [SpringApplicationShutdownHook] HikariPool-2 - Shutdown initiated...
2023-12-01 08:37:37,408 INFO com.zaxxer.hikari.HikariDataSource [SpringApplicationShutdownHook] HikariPool-2 - Shutdown completed.
