2023-12-04 10:21:21,480 INFO com.adp.S2B3T4_expense_system.S2B3T4ExpenseSystemApplication [restartedMain] Starting S2B3T4ExpenseSystemApplication using Java 17.0.4.1 with PID 11436 (C:\Users\nikhraam\Desktop\Final Expense Project\season2-batch3-team4-backend-master@d2994dc5621\target\classes started by nikhraam in C:\Users\nikhraam\Desktop\Final Expense Project\season2-batch3-team4-backend-master@d2994dc5621)
2023-12-04 10:21:21,489 DEBUG com.adp.S2B3T4_expense_system.S2B3T4ExpenseSystemApplication [restartedMain] Running with Spring Boot v3.1.5, Spring v6.0.13
2023-12-04 10:21:21,491 INFO com.adp.S2B3T4_expense_system.S2B3T4ExpenseSystemApplication [restartedMain] No active profile set, falling back to 1 default profile: "default"
2023-12-04 10:21:21,576 INFO org.springframework.boot.devtools.restart.ChangeableUrls [restartedMain] The Class-Path manifest attribute in C:\Users\nikhraam\.m2\repository\com\oracle\database\jdbc\ojdbc8\21.9.0.0\ojdbc8-21.9.0.0.jar referenced one or more files that do not exist: file:/C:/Users/nikhraam/.m2/repository/com/oracle/database/jdbc/ojdbc8/21.9.0.0/oraclepki.jar
2023-12-04 10:21:21,577 INFO org.springframework.boot.devtools.env.DevToolsPropertyDefaultsPostProcessor [restartedMain] Devtools property defaults active! Set 'spring.devtools.add-properties' to 'false' to disable
2023-12-04 10:21:21,577 INFO org.springframework.boot.devtools.env.DevToolsPropertyDefaultsPostProcessor [restartedMain] For additional web related logging consider setting the 'logging.level.web' property to 'DEBUG'
2023-12-04 10:21:22,862 INFO org.springframework.data.repository.config.RepositoryConfigurationDelegate [restartedMain] Bootstrapping Spring Data JPA repositories in DEFAULT mode.
2023-12-04 10:21:22,975 INFO org.springframework.data.repository.config.RepositoryConfigurationDelegate [restartedMain] Finished Spring Data repository scanning in 101 ms. Found 3 JPA repository interfaces.
2023-12-04 10:21:24,008 INFO org.springframework.boot.web.embedded.tomcat.TomcatWebServer [restartedMain] Tomcat initialized with port(s): 8082 (http)
2023-12-04 10:21:24,021 INFO org.apache.coyote.http11.Http11NioProtocol [restartedMain] Initializing ProtocolHandler ["http-nio-8082"]
2023-12-04 10:21:24,025 INFO org.apache.catalina.core.StandardService [restartedMain] Starting service [Tomcat]
2023-12-04 10:21:24,026 INFO org.apache.catalina.core.StandardEngine [restartedMain] Starting Servlet engine: [Apache Tomcat/10.1.15]
2023-12-04 10:21:24,141 INFO org.apache.catalina.core.ContainerBase.[Tomcat].[localhost].[/] [restartedMain] Initializing Spring embedded WebApplicationContext
2023-12-04 10:21:24,142 INFO org.springframework.boot.web.servlet.context.ServletWebServerApplicationContext [restartedMain] Root WebApplicationContext: initialization completed in 2564 ms
2023-12-04 10:21:24,250 INFO com.zaxxer.hikari.HikariDataSource [restartedMain] HikariPool-1 - Starting...
2023-12-04 10:21:24,257 WARN com.zaxxer.hikari.util.DriverDataSource [restartedMain] Registered driver with driverClassName=oracle.jdbc.driver.OracleDriver was not found, trying direct instantiation.
2023-12-04 10:21:25,330 INFO com.zaxxer.hikari.pool.HikariPool [restartedMain] HikariPool-1 - Added connection oracle.jdbc.driver.T4CConnection@c7571a
2023-12-04 10:21:25,333 INFO com.zaxxer.hikari.HikariDataSource [restartedMain] HikariPool-1 - Start completed.
2023-12-04 10:21:25,344 INFO org.springframework.boot.autoconfigure.h2.H2ConsoleAutoConfiguration [restartedMain] H2 console available at '/h2-console'. Database available at 'jdbc:oracle:thin:@ap-south-1-training-adpdevclass-oradbinstance.cvawnayo3dje.ap-south-1.rds.amazonaws.com:1521:ORCL'
2023-12-04 10:21:25,592 INFO org.hibernate.jpa.internal.util.LogHelper [restartedMain] HHH000204: Processing PersistenceUnitInfo [name: default]
2023-12-04 10:21:25,711 INFO org.hibernate.Version [restartedMain] HHH000412: Hibernate ORM core version 6.2.13.Final
2023-12-04 10:21:25,717 INFO org.hibernate.cfg.Environment [restartedMain] HHH000406: Using bytecode reflection optimizer
2023-12-04 10:21:26,384 INFO org.springframework.orm.jpa.persistenceunit.SpringPersistenceUnitInfo [restartedMain] No LoadTimeWeaver setup: ignoring JPA class transformer
2023-12-04 10:21:28,611 INFO org.hibernate.engine.transaction.jta.platform.internal.JtaPlatformInitiator [restartedMain] HHH000489: No JTA platform available (set 'hibernate.transaction.jta.platform' to enable JTA platform integration)
2023-12-04 10:21:45,174 INFO org.springframework.orm.jpa.LocalContainerEntityManagerFactoryBean [restartedMain] Initialized JPA EntityManagerFactory for persistence unit 'default'
2023-12-04 10:21:45,559 INFO org.springframework.data.jpa.repository.query.QueryEnhancerFactory [restartedMain] Hibernate is in classpath; If applicable, HQL parser will be used.
2023-12-04 10:21:45,839 WARN org.springframework.boot.autoconfigure.orm.jpa.JpaBaseConfiguration$JpaWebConfiguration [restartedMain] spring.jpa.open-in-view is enabled by default. Therefore, database queries may be performed during view rendering. Explicitly configure spring.jpa.open-in-view to disable this warning
2023-12-04 10:21:47,224 INFO org.springframework.boot.devtools.autoconfigure.OptionalLiveReloadServer [restartedMain] LiveReload server is running on port 35729
2023-12-04 10:21:47,246 INFO org.apache.coyote.http11.Http11NioProtocol [restartedMain] Starting ProtocolHandler ["http-nio-8082"]
2023-12-04 10:21:47,290 INFO org.springframework.boot.web.embedded.tomcat.TomcatWebServer [restartedMain] Tomcat started on port(s): 8082 (http) with context path ''
2023-12-04 10:21:47,301 INFO com.adp.S2B3T4_expense_system.S2B3T4ExpenseSystemApplication [restartedMain] Started S2B3T4ExpenseSystemApplication in 26.381 seconds (process running for 28.128)
2023-12-04 14:16:32,104 WARN com.zaxxer.hikari.pool.HikariPool [HikariPool-1 housekeeper] HikariPool-1 - Thread starvation or clock leap detected (housekeeper delta=1h54m5s309ms929µs700ns).
2023-12-04 15:05:47,826 WARN com.zaxxer.hikari.pool.HikariPool [HikariPool-1 housekeeper] HikariPool-1 - Thread starvation or clock leap detected (housekeeper delta=1m45s190ms386µs500ns).
2023-12-04 15:29:04,362 WARN com.zaxxer.hikari.pool.HikariPool [HikariPool-1 housekeeper] HikariPool-1 - Thread starvation or clock leap detected (housekeeper delta=18m16s501ms973µs100ns).
2023-12-04 16:08:45,195 WARN com.zaxxer.hikari.pool.HikariPool [HikariPool-1 housekeeper] HikariPool-1 - Thread starvation or clock leap detected (housekeeper delta=32m10s752ms361µs600ns).
2023-12-04 22:19:36,170 WARN com.zaxxer.hikari.pool.HikariPool [HikariPool-1 housekeeper] HikariPool-1 - Thread starvation or clock leap detected (housekeeper delta=6h10m55s317ms215µs400ns).
2023-12-04 22:29:48,789 WARN com.zaxxer.hikari.pool.HikariPool [HikariPool-1 housekeeper] HikariPool-1 - Thread starvation or clock leap detected (housekeeper delta=10m16s598ms218µs).
2023-12-04 23:24:56,937 WARN com.zaxxer.hikari.pool.HikariPool [HikariPool-1 housekeeper] HikariPool-1 - Thread starvation or clock leap detected (housekeeper delta=2m37s611ms5µs401ns).
